<?xml version="1.0" encoding="UTF-8"?>
<!-- Generated by org.testng.reporters.JUnitReportReporter -->
<testsuite hostname="DESKTOP-LIQG26Q" failures="0" tests="2" name="allTests.HomePage" time="3.678" errors="0" timestamp="2022-07-11T09:11:50 EDT" skipped="0">
  <testcase classname="allTests.HomePage" name="validateAllContectLink" time="2.991"/>
  <system-out/>
  <testcase classname="allTests.HomePage" name="validateLoginLink" time="0.687"/>
  <system-out/>
</testsuite> <!-- allTests.HomePage -->
