<?xml version="1.0" encoding="UTF-8"?>
<!-- Generated by org.testng.reporters.JUnitReportReporter -->
<testsuite hostname="DESKTOP-LIQG26Q" failures="0" tests="4" name="allTests.LoginPage" time="2.018" errors="0" timestamp="2022-07-11T09:11:50 EDT" skipped="0">
  <testcase classname="allTests.LoginPage" name="validateUserCred" time="0.499"/>
  <system-out/>
  <testcase classname="allTests.LoginPage" name="validateUserCred" time="0.501"/>
  <system-out/>
  <testcase classname="allTests.LoginPage" name="validateUserCred" time="0.531"/>
  <system-out/>
  <testcase classname="allTests.LoginPage" name="validateUserCred" time="0.487"/>
  <system-out/>
</testsuite> <!-- allTests.LoginPage -->
