<?xml version="1.0" encoding="UTF-8"?>
<!-- Generated by org.testng.reporters.JUnitReportReporter -->
<testsuite hostname="DESKTOP-LIQG26Q" failures="0" tests="1" name="allTests.HomePage" time="3.785" errors="0" timestamp="2022-07-10T23:52:21 EDT" skipped="0">
  <testcase classname="allTests.HomePage" name="validateLoginLink" time="3.785"/>
  <system-out/>
</testsuite> <!-- allTests.HomePage -->
