<?xml version="1.0" encoding="UTF-8"?>
<!-- Generated by org.testng.reporters.JUnitReportReporter -->
<testsuite hostname="DESKTOP-LIQG26Q" failures="0" tests="4" name="allTests.LoginPage" time="2.327" errors="0" timestamp="2022-07-10T23:52:21 EDT" skipped="0">
  <testcase classname="allTests.LoginPage" name="validateUserCred" time="0.567"/>
  <system-out/>
  <testcase classname="allTests.LoginPage" name="validateUserCred" time="0.582"/>
  <system-out/>
  <testcase classname="allTests.LoginPage" name="validateUserCred" time="0.592"/>
  <system-out/>
  <testcase classname="allTests.LoginPage" name="validateUserCred" time="0.586"/>
  <system-out/>
</testsuite> <!-- allTests.LoginPage -->
